<?xml version="1.0" encoding="UTF-8"?>
<testng-results skipped="0" failed="0" ignored="0" total="1" passed="1">
  <reporter-output>
  </reporter-output>
  <suite name="Default suite" duration-ms="2108" started-at="2020-08-19T06:08:58Z" finished-at="2020-08-19T06:09:00Z">
    <groups>
    </groups>
    <test name="Default test" duration-ms="2108" started-at="2020-08-19T06:08:58Z" finished-at="2020-08-19T06:09:00Z">
      <class name="com.mvnJenkins.Scenario1_Test">
        <test-method status="PASS" signature="extentreportsetup()[pri:0, instance:com.mvnJenkins.Scenario1_Test@5e3a8624]" name="extentreportsetup" is-config="true" duration-ms="782" started-at="2020-08-19T06:08:58Z" finished-at="2020-08-19T06:08:59Z">
          <reporter-output>
          </reporter-output>
        </test-method> <!-- extentreportsetup -->
        <test-method status="PASS" signature="testOne()[pri:0, instance:com.mvnJenkins.Scenario1_Test@5e3a8624]" name="testOne" duration-ms="47" started-at="2020-08-19T06:08:59Z" finished-at="2020-08-19T06:08:59Z">
          <reporter-output>
          </reporter-output>
        </test-method> <!-- testOne -->
        <test-method status="PASS" signature="close()[pri:0, instance:com.mvnJenkins.Scenario1_Test@5e3a8624]" name="close" is-config="true" duration-ms="1219" started-at="2020-08-19T06:08:59Z" finished-at="2020-08-19T06:09:00Z">
          <reporter-output>
          </reporter-output>
        </test-method> <!-- close -->
      </class> <!-- com.mvnJenkins.Scenario1_Test -->
    </test> <!-- Default test -->
  </suite> <!-- Default suite -->
</testng-results>
